0 info it worked if it ends with ok
1 verbose cli [ 'node', '/usr/local/bin/npm', 'install', '-g', 'n' ]
2 info using npm@2.7.5
3 info using node@v0.10.7
4 silly cache add args [ 'n', null ]
5 verbose cache add spec n
6 silly cache add parsed spec { raw: 'n',
6 silly cache add   scope: null,
6 silly cache add   name: 'n',
6 silly cache add   rawSpec: '',
6 silly cache add   spec: '*',
6 silly cache add   type: 'range' }
7 verbose addNamed n@*
8 silly addNamed semver.valid null
9 silly addNamed semver.validRange *
10 silly addNameRange { name: 'n', range: '*', hasData: false }
11 silly mapToRegistry name n
12 silly mapToRegistry using default registry
13 silly mapToRegistry registry https://registry.npmjs.org/
14 silly mapToRegistry uri https://registry.npmjs.org/n
15 verbose addNameRange registry:https://registry.npmjs.org/n not in flight; fetching
16 verbose request uri https://registry.npmjs.org/n
17 verbose request no auth needed
18 info attempt registry request try #1 at 11:04:48
19 verbose request id dab079ecc08f00c1
20 http request GET https://registry.npmjs.org/n
21 http 200 https://registry.npmjs.org/n
22 silly get cb [ 200,
22 silly get   { server: 'CouchDB/1.5.0 (Erlang OTP/R16B03)',
22 silly get     etag: '"BTGVTU1MYNBBTGOUSADW416QO"',
22 silly get     'content-type': 'application/json',
22 silly get     'cache-control': 'max-age=60',
22 silly get     'content-length': '41711',
22 silly get     'accept-ranges': 'bytes',
22 silly get     date: 'Fri, 01 May 2015 10:04:48 GMT',
22 silly get     via: '1.1 varnish',
22 silly get     age: '21',
22 silly get     connection: 'keep-alive',
22 silly get     'x-served-by': 'cache-lcy1125-LCY',
22 silly get     'x-cache': 'HIT',
22 silly get     'x-cache-hits': '1',
22 silly get     'x-timer': 'S1430474688.641982,VS0,VE0',
22 silly get     vary: 'Accept' } ]
23 verbose get saving n to /Users/rui/.npm/registry.npmjs.org/n/.cache.json
24 verbose getCacheStat cache creation not in flight; initializing
25 silly addNameRange number 2 { name: 'n', range: '*', hasData: true }
26 silly addNameRange versions [ 'n',
26 silly addNameRange   [ '0.0.1',
26 silly addNameRange     '0.0.2',
26 silly addNameRange     '0.0.3',
26 silly addNameRange     '0.0.4',
26 silly addNameRange     '0.1.0',
26 silly addNameRange     '0.1.1',
26 silly addNameRange     '0.1.2',
26 silly addNameRange     '0.2.0',
26 silly addNameRange     '0.2.1',
26 silly addNameRange     '0.2.2',
26 silly addNameRange     '0.3.0',
26 silly addNameRange     '0.4.0',
26 silly addNameRange     '0.4.1',
26 silly addNameRange     '0.4.2',
26 silly addNameRange     '0.5.0',
26 silly addNameRange     '0.5.1',
26 silly addNameRange     '0.5.2',
26 silly addNameRange     '0.5.3',
26 silly addNameRange     '0.5.4',
26 silly addNameRange     '0.6.0',
26 silly addNameRange     '0.6.1',
26 silly addNameRange     '0.7.0',
26 silly addNameRange     '0.7.1',
26 silly addNameRange     '0.7.2',
26 silly addNameRange     '0.7.3',
26 silly addNameRange     '0.8.0',
26 silly addNameRange     '0.8.1',
26 silly addNameRange     '0.8.2',
26 silly addNameRange     '0.9.0',
26 silly addNameRange     '0.9.1',
26 silly addNameRange     '0.9.2',
26 silly addNameRange     '0.9.3',
26 silly addNameRange     '1.0.0',
26 silly addNameRange     '1.1.0',
26 silly addNameRange     '1.2.1',
26 silly addNameRange     '1.2.2',
26 silly addNameRange     '1.2.3',
26 silly addNameRange     '1.2.4',
26 silly addNameRange     '1.2.5',
26 silly addNameRange     '1.2.6',
26 silly addNameRange     '1.2.7',
26 silly addNameRange     '1.2.8',
26 silly addNameRange     '1.2.9',
26 silly addNameRange     '1.2.11',
26 silly addNameRange     '1.2.13',
26 silly addNameRange     '1.2.14',
26 silly addNameRange     '1.3.0' ] ]
27 verbose addNamed n@1.3.0
28 silly addNamed semver.valid 1.3.0
29 silly addNamed semver.validRange 1.3.0
30 silly mapToRegistry name n
31 silly mapToRegistry using default registry
32 silly mapToRegistry registry https://registry.npmjs.org/
33 silly mapToRegistry uri https://registry.npmjs.org/n
34 verbose addRemoteTarball https://registry.npmjs.org/n/-/n-1.3.0.tgz not in flight; adding
35 verbose addRemoteTarball [ 'https://registry.npmjs.org/n/-/n-1.3.0.tgz',
35 verbose addRemoteTarball   '95afad80d2c73e89151efc0b4e6a8905cbb8ed2d' ]
36 info retry fetch attempt 1 at 11:04:48
37 info attempt registry request try #1 at 11:04:48
38 http fetch GET https://registry.npmjs.org/n/-/n-1.3.0.tgz
39 http fetch 200 https://registry.npmjs.org/n/-/n-1.3.0.tgz
40 silly fetchAndShaCheck shasum 95afad80d2c73e89151efc0b4e6a8905cbb8ed2d
41 verbose addTmpTarball /var/folders/n0/b9z9h87s7zg6d1b9h27vxj_r0000gn/T/npm-46690-8f3577f0/registry.npmjs.org/n/-/n-1.3.0.tgz not in flight; adding
42 verbose addTmpTarball already have metadata; skipping unpack for n@1.3.0
43 silly cache afterAdd n@1.3.0
44 verbose afterAdd /Users/rui/.npm/n/1.3.0/package/package.json not in flight; writing
45 verbose afterAdd /Users/rui/.npm/n/1.3.0/package/package.json written
46 silly install resolved [ { name: 'n',
46 silly install resolved     description: 'node version manager',
46 silly install resolved     version: '1.3.0',
46 silly install resolved     author: { name: 'TJ Holowaychuk', email: 'tj@vision-media.ca' },
46 silly install resolved     homepage: 'https://github.com/tj/n',
46 silly install resolved     bugs: { url: 'https://github.com/tj/n/issues' },
46 silly install resolved     contributors: [ [Object] ],
46 silly install resolved     keywords:
46 silly install resolved      [ 'nvm',
46 silly install resolved        'node',
46 silly install resolved        'version',
46 silly install resolved        'manager',
46 silly install resolved        'switcher',
46 silly install resolved        'node',
46 silly install resolved        'binary',
46 silly install resolved        'env' ],
46 silly install resolved     bin: { n: './bin/n' },
46 silly install resolved     repository: { type: 'git', url: 'git://github.com/tj/n.git' },
46 silly install resolved     preferGlobal: true,
46 silly install resolved     os: [ '!win32' ],
46 silly install resolved     engines: { node: '*' },
46 silly install resolved     license: 'MIT',
46 silly install resolved     gitHead: 'ab194b3b1ca8539b2b1f9f9755d1401a667d0a95',
46 silly install resolved     _id: 'n@1.3.0',
46 silly install resolved     scripts: {},
46 silly install resolved     _shasum: '95afad80d2c73e89151efc0b4e6a8905cbb8ed2d',
46 silly install resolved     _from: 'n@*',
46 silly install resolved     _npmVersion: '1.4.28',
46 silly install resolved     _npmUser: { name: 'tjwebb', email: 'me@traviswebb.com' },
46 silly install resolved     maintainers: [ [Object], [Object], [Object] ],
46 silly install resolved     dist:
46 silly install resolved      { shasum: '95afad80d2c73e89151efc0b4e6a8905cbb8ed2d',
46 silly install resolved        tarball: 'http://registry.npmjs.org/n/-/n-1.3.0.tgz' },
46 silly install resolved     directories: {},
46 silly install resolved     _resolved: 'https://registry.npmjs.org/n/-/n-1.3.0.tgz' } ]
47 info install n@1.3.0 into /usr/local/lib
48 info installOne n@1.3.0
49 verbose installOne of n to /usr/local/lib not in flight; installing
50 verbose lock using /Users/rui/.npm/_locks/n-a01478239d85533e.lock for /usr/local/lib/node_modules/n
51 silly install write writing n 1.3.0 to /usr/local/lib/node_modules/n
52 silly cache addNamed cb n@1.3.0
53 verbose unbuild lib/node_modules/n
54 silly gentlyRm /usr/local/lib/node_modules/n is being purged from base /usr/local
55 verbose gentlyRm don't care about contents; nuking /usr/local/lib/node_modules/n
56 verbose tar unpack /Users/rui/.npm/n/1.3.0/package.tgz
57 verbose tar unpacking to /usr/local/lib/node_modules/n
58 silly gentlyRm /usr/local/lib/node_modules/n is being purged
59 verbose gentlyRm don't care about contents; nuking /usr/local/lib/node_modules/n
60 silly gunzTarPerm modes [ '755', '644' ]
61 silly gunzTarPerm extractEntry package.json
62 silly gunzTarPerm modified mode [ 'package.json', 436, 420 ]
63 silly gunzTarPerm extractEntry Makefile
64 silly gunzTarPerm modified mode [ 'Makefile', 436, 420 ]
65 silly gunzTarPerm extractEntry Readme.md
66 silly gunzTarPerm modified mode [ 'Readme.md', 436, 420 ]
67 silly gunzTarPerm extractEntry bin/n
68 silly gunzTarPerm modified mode [ 'bin/n', 509, 493 ]
69 info preinstall n@1.3.0
70 silly install resolved []
71 verbose about to build /usr/local/lib/node_modules/n
72 info build /usr/local/lib/node_modules/n
73 verbose linkStuff [ true,
73 verbose linkStuff   '/usr/local/lib/node_modules',
73 verbose linkStuff   true,
73 verbose linkStuff   '/usr/local/lib/node_modules' ]
74 info linkStuff n@1.3.0
75 verbose linkBins n@1.3.0
76 verbose link bins [ { n: './bin/n' }, '/usr/local/bin', true ]
77 verbose linkMans n@1.3.0
78 verbose rebuildBundles n@1.3.0
79 silly gentlyRm /usr/local/bin/n is being gently removed
80 silly gentlyRm verifying /usr/local is an npm working directory
81 silly gentlyRm containing path /usr/local is under npm's control, in /usr/local
82 silly gentlyRm deletion target /usr/local/bin/n is under /usr/local
83 verbose gentlyRm vacuuming from /usr/local/bin/n up to /usr/local
84 info install n@1.3.0
85 info postinstall n@1.3.0
86 verbose unlock done using /Users/rui/.npm/_locks/n-a01478239d85533e.lock for /usr/local/lib/node_modules/n
87 warn unmet dependency /usr/local/lib/node_modules/ionic/node_modules/unzip/node_modules/pullstream requires readable-stream@'~1.0.0' but will load
87 warn unmet dependency /usr/local/lib/node_modules/ionic/node_modules/unzip/node_modules/readable-stream,
87 warn unmet dependency which is version 1.0.27-1
88 warn unmet dependency /usr/local/lib/node_modules/ionic/node_modules/unzip/node_modules/match-stream requires readable-stream@'~1.0.0' but will load
88 warn unmet dependency /usr/local/lib/node_modules/ionic/node_modules/unzip/node_modules/readable-stream,
88 warn unmet dependency which is version 1.0.27-1
89 warn unmet dependency /usr/local/lib/node_modules/ionic/node_modules/unzip/node_modules/pullstream/node_modules/slice-stream requires readable-stream@'~1.0.2' but will load
89 warn unmet dependency /usr/local/lib/node_modules/ionic/node_modules/unzip/node_modules/readable-stream,
89 warn unmet dependency which is version 1.0.27-1
90 warn unmet dependency /usr/local/lib/node_modules/ionic/node_modules/connect/node_modules/multiparty/node_modules/stream-counter requires readable-stream@'~1.1.8' but will load
90 warn unmet dependency /usr/local/lib/node_modules/ionic/node_modules/connect/node_modules/multiparty/node_modules/readable-stream,
90 warn unmet dependency which is version 1.1.13-1
91 warn unmet dependency /usr/local/lib/node_modules/phonegap/node_modules/phonegap-build requires colors@'0.6.x' but will load
91 warn unmet dependency /usr/local/lib/node_modules/phonegap/node_modules/colors,
91 warn unmet dependency which is version 0.6.0-1
92 warn unmet dependency /usr/local/lib/node_modules/phonegap/node_modules/connect-phonegap/node_modules/connect/node_modules/multiparty/node_modules/stream-counter requires readable-stream@'~1.1.8' but will load
92 warn unmet dependency /usr/local/lib/node_modules/phonegap/node_modules/connect-phonegap/node_modules/connect/node_modules/multiparty/node_modules/readable-stream,
92 warn unmet dependency which is version 1.1.13-1
93 warn unmet dependency /usr/local/lib/node_modules/phonegap/node_modules/prompt/node_modules/winston requires colors@'0.x.x' but will load
93 warn unmet dependency /usr/local/lib/node_modules/phonegap/node_modules/colors,
93 warn unmet dependency which is version 0.6.0-1
94 verbose stack Error: The package yo does not satisfy its siblings' peerDependencies requirements!
94 verbose stack     at /usr/local/lib/node_modules/npm/lib/install.js:125:32
94 verbose stack     at /usr/local/lib/node_modules/npm/lib/install.js:264:7
94 verbose stack     at /usr/local/lib/node_modules/npm/node_modules/read-installed/read-installed.js:138:5
94 verbose stack     at /usr/local/lib/node_modules/npm/node_modules/read-installed/read-installed.js:251:14
94 verbose stack     at cb (/usr/local/lib/node_modules/npm/node_modules/slide/lib/async-map.js:47:24)
94 verbose stack     at /usr/local/lib/node_modules/npm/node_modules/read-installed/read-installed.js:251:14
94 verbose stack     at cb (/usr/local/lib/node_modules/npm/node_modules/slide/lib/async-map.js:47:24)
94 verbose stack     at /usr/local/lib/node_modules/npm/node_modules/read-installed/read-installed.js:251:14
94 verbose stack     at cb (/usr/local/lib/node_modules/npm/node_modules/slide/lib/async-map.js:47:24)
94 verbose stack     at /usr/local/lib/node_modules/npm/node_modules/read-installed/read-installed.js:251:14
95 verbose cwd /Volumes/Work/server/projects/greatdj
96 error Darwin 13.4.0
97 error argv "node" "/usr/local/bin/npm" "install" "-g" "n"
98 error node v0.10.7
99 error npm  v2.7.5
100 error code EPEERINVALID
101 error peerinvalid The package yo does not satisfy its siblings' peerDependencies requirements!
101 error peerinvalid Peer generator-angular@0.9.8 wants yo@>=1.0.0
101 error peerinvalid Peer generator-karma@0.8.3 wants yo@>=1.0.0
101 error peerinvalid Peer generator-mocha@0.1.6 wants yo@>=1.0.0
101 error peerinvalid Peer generator-react-gulp-browserify@0.0.12 wants yo@>=1.0.0
101 error peerinvalid Peer generator-webapp@0.5.1 wants yo@>=1.2.0
102 verbose exit [ 1, true ]
